20-Feb-2022 00:11:57.874 INFORMACIÓN [http-nio-8080-exec-47] org.apache.catalina.core.StandardContext.reload Ha comenzado la recarga de Contexto [/SistemasVentasWeb]
20-Feb-2022 00:11:58.366 INFORMACIÓN [http-nio-8080-exec-47] org.apache.jasper.servlet.TldScanner.scanJars Al menos un JAR, que se ha explorado buscando TLDs, aún no contenía TLDs. Activar historial de depuración para este historiador para una completa lista de los JARs que fueron explorados y de los que nos se halló TLDs. Saltarse JARs no necesarios durante la exploración puede dar lugar a una mejora de tiempo significativa en el arranque y compilación de JSP .
20-Feb-2022 00:11:58.372 INFORMACIÓN [http-nio-8080-exec-47] org.apache.catalina.core.StandardContext.reload Se ha completado la recarga de este Contexto
20-Feb-2022 00:24:21.811 INFORMACIÓN [http-nio-8080-exec-58] org.apache.catalina.core.StandardContext.reload Ha comenzado la recarga de Contexto [/SistemasVentasWeb]
20-Feb-2022 00:24:22.286 INFORMACIÓN [http-nio-8080-exec-58] org.apache.jasper.servlet.TldScanner.scanJars Al menos un JAR, que se ha explorado buscando TLDs, aún no contenía TLDs. Activar historial de depuración para este historiador para una completa lista de los JARs que fueron explorados y de los que nos se halló TLDs. Saltarse JARs no necesarios durante la exploración puede dar lugar a una mejora de tiempo significativa en el arranque y compilación de JSP .
20-Feb-2022 00:24:22.315 INFORMACIÓN [http-nio-8080-exec-58] org.apache.catalina.core.StandardContext.reload Se ha completado la recarga de este Contexto
20-Feb-2022 00:37:26.675 INFORMACIÓN [http-nio-8080-exec-69] org.apache.catalina.core.StandardContext.reload Ha comenzado la recarga de Contexto [/SistemasVentasWeb]
20-Feb-2022 00:37:27.124 INFORMACIÓN [http-nio-8080-exec-69] org.apache.jasper.servlet.TldScanner.scanJars Al menos un JAR, que se ha explorado buscando TLDs, aún no contenía TLDs. Activar historial de depuración para este historiador para una completa lista de los JARs que fueron explorados y de los que nos se halló TLDs. Saltarse JARs no necesarios durante la exploración puede dar lugar a una mejora de tiempo significativa en el arranque y compilación de JSP .
20-Feb-2022 00:37:27.148 INFORMACIÓN [http-nio-8080-exec-69] org.apache.catalina.core.StandardContext.reload Se ha completado la recarga de este Contexto
20-Feb-2022 00:37:50.888 INFORMACIÓN [http-nio-8080-exec-70] org.apache.catalina.core.StandardContext.reload Ha comenzado la recarga de Contexto [/SistemasVentasWeb]
20-Feb-2022 00:37:51.367 INFORMACIÓN [http-nio-8080-exec-70] org.apache.jasper.servlet.TldScanner.scanJars Al menos un JAR, que se ha explorado buscando TLDs, aún no contenía TLDs. Activar historial de depuración para este historiador para una completa lista de los JARs que fueron explorados y de los que nos se halló TLDs. Saltarse JARs no necesarios durante la exploración puede dar lugar a una mejora de tiempo significativa en el arranque y compilación de JSP .
20-Feb-2022 00:37:51.379 INFORMACIÓN [http-nio-8080-exec-70] org.apache.catalina.core.StandardContext.reload Se ha completado la recarga de este Contexto
20-Feb-2022 00:37:55.815 INFORMACIÓN [http-nio-8080-exec-72] org.apache.catalina.core.StandardContext.reload Ha comenzado la recarga de Contexto [/SistemasVentasWeb]
20-Feb-2022 00:37:56.167 INFORMACIÓN [http-nio-8080-exec-72] org.apache.jasper.servlet.TldScanner.scanJars Al menos un JAR, que se ha explorado buscando TLDs, aún no contenía TLDs. Activar historial de depuración para este historiador para una completa lista de los JARs que fueron explorados y de los que nos se halló TLDs. Saltarse JARs no necesarios durante la exploración puede dar lugar a una mejora de tiempo significativa en el arranque y compilación de JSP .
20-Feb-2022 00:37:56.177 INFORMACIÓN [http-nio-8080-exec-72] org.apache.catalina.core.StandardContext.reload Se ha completado la recarga de este Contexto
20-Feb-2022 00:38:20.298 INFORMACIÓN [http-nio-8080-exec-80] org.apache.catalina.core.StandardContext.reload Ha comenzado la recarga de Contexto [/SistemasVentasWeb]
20-Feb-2022 00:38:20.724 INFORMACIÓN [http-nio-8080-exec-80] org.apache.jasper.servlet.TldScanner.scanJars Al menos un JAR, que se ha explorado buscando TLDs, aún no contenía TLDs. Activar historial de depuración para este historiador para una completa lista de los JARs que fueron explorados y de los que nos se halló TLDs. Saltarse JARs no necesarios durante la exploración puede dar lugar a una mejora de tiempo significativa en el arranque y compilación de JSP .
20-Feb-2022 00:38:20.758 INFORMACIÓN [http-nio-8080-exec-80] org.apache.catalina.core.StandardContext.reload Se ha completado la recarga de este Contexto
20-Feb-2022 00:38:23.860 INFORMACIÓN [http-nio-8080-exec-80] org.apache.catalina.core.StandardContext.reload Ha comenzado la recarga de Contexto [/SistemasVentasWeb]
20-Feb-2022 00:38:24.271 INFORMACIÓN [http-nio-8080-exec-80] org.apache.jasper.servlet.TldScanner.scanJars Al menos un JAR, que se ha explorado buscando TLDs, aún no contenía TLDs. Activar historial de depuración para este historiador para una completa lista de los JARs que fueron explorados y de los que nos se halló TLDs. Saltarse JARs no necesarios durante la exploración puede dar lugar a una mejora de tiempo significativa en el arranque y compilación de JSP .
20-Feb-2022 00:38:24.290 INFORMACIÓN [http-nio-8080-exec-80] org.apache.catalina.core.StandardContext.reload Se ha completado la recarga de este Contexto
20-Feb-2022 00:46:49.928 INFORMACIÓN [http-nio-8080-exec-91] org.apache.catalina.core.StandardContext.reload Ha comenzado la recarga de Contexto [/SistemasVentasWeb]
20-Feb-2022 00:46:50.470 INFORMACIÓN [http-nio-8080-exec-91] org.apache.jasper.servlet.TldScanner.scanJars Al menos un JAR, que se ha explorado buscando TLDs, aún no contenía TLDs. Activar historial de depuración para este historiador para una completa lista de los JARs que fueron explorados y de los que nos se halló TLDs. Saltarse JARs no necesarios durante la exploración puede dar lugar a una mejora de tiempo significativa en el arranque y compilación de JSP .
20-Feb-2022 00:46:50.531 INFORMACIÓN [http-nio-8080-exec-91] org.apache.catalina.core.StandardContext.reload Se ha completado la recarga de este Contexto
20-Feb-2022 00:48:39.799 INFORMACIÓN [http-nio-8080-exec-96] org.apache.catalina.core.StandardContext.reload Ha comenzado la recarga de Contexto [/SistemasVentasWeb]
20-Feb-2022 00:48:40.164 INFORMACIÓN [http-nio-8080-exec-96] org.apache.jasper.servlet.TldScanner.scanJars Al menos un JAR, que se ha explorado buscando TLDs, aún no contenía TLDs. Activar historial de depuración para este historiador para una completa lista de los JARs que fueron explorados y de los que nos se halló TLDs. Saltarse JARs no necesarios durante la exploración puede dar lugar a una mejora de tiempo significativa en el arranque y compilación de JSP .
20-Feb-2022 00:48:40.178 INFORMACIÓN [http-nio-8080-exec-96] org.apache.catalina.core.StandardContext.reload Se ha completado la recarga de este Contexto
20-Feb-2022 01:16:22.019 INFORMACIÓN [http-nio-8080-exec-111] org.apache.catalina.core.StandardContext.reload Ha comenzado la recarga de Contexto [/SistemasVentasWeb]
20-Feb-2022 01:16:22.417 INFORMACIÓN [http-nio-8080-exec-111] org.apache.jasper.servlet.TldScanner.scanJars Al menos un JAR, que se ha explorado buscando TLDs, aún no contenía TLDs. Activar historial de depuración para este historiador para una completa lista de los JARs que fueron explorados y de los que nos se halló TLDs. Saltarse JARs no necesarios durante la exploración puede dar lugar a una mejora de tiempo significativa en el arranque y compilación de JSP .
20-Feb-2022 01:16:22.455 INFORMACIÓN [http-nio-8080-exec-111] org.apache.catalina.core.StandardContext.reload Se ha completado la recarga de este Contexto
20-Feb-2022 01:28:18.246 INFORMACIÓN [http-nio-8080-exec-122] org.apache.catalina.core.StandardContext.reload Ha comenzado la recarga de Contexto [/SistemasVentasWeb]
20-Feb-2022 01:28:18.574 INFORMACIÓN [http-nio-8080-exec-122] org.apache.jasper.servlet.TldScanner.scanJars Al menos un JAR, que se ha explorado buscando TLDs, aún no contenía TLDs. Activar historial de depuración para este historiador para una completa lista de los JARs que fueron explorados y de los que nos se halló TLDs. Saltarse JARs no necesarios durante la exploración puede dar lugar a una mejora de tiempo significativa en el arranque y compilación de JSP .
20-Feb-2022 01:28:18.602 INFORMACIÓN [http-nio-8080-exec-122] org.apache.catalina.core.StandardContext.reload Se ha completado la recarga de este Contexto
20-Feb-2022 01:53:00.300 INFORMACIÓN [main] org.apache.catalina.core.StandardServer.await Se ha recibido un comando de apagado a través del puerto de apagado. Parando la instancia del Servidor.
20-Feb-2022 01:53:00.363 INFORMACIÓN [main] org.apache.coyote.AbstractProtocol.pause Pausing ProtocolHandler ["http-nio-8080"]
20-Feb-2022 01:53:01.064 INFORMACIÓN [main] org.apache.catalina.core.StandardService.stopInternal Parando servicio [Catalina]
20-Feb-2022 01:53:01.376 INFORMACIÓN [main] org.apache.coyote.AbstractProtocol.stop Stopping ProtocolHandler ["http-nio-8080"]
20-Feb-2022 01:53:01.470 INFORMACIÓN [main] org.apache.coyote.AbstractProtocol.destroy Destroying ProtocolHandler ["http-nio-8080"]
20-Feb-2022 01:57:21.480 INFORMACIÓN [main] org.apache.catalina.startup.VersionLoggerListener.log Nombre de la versión del servidor: Apache Tomcat/9.0.58
20-Feb-2022 01:57:21.489 INFORMACIÓN [main] org.apache.catalina.startup.VersionLoggerListener.log Server built:                      Jan 15 2022 14:37:38 UTC
20-Feb-2022 01:57:21.489 INFORMACIÓN [main] org.apache.catalina.startup.VersionLoggerListener.log Número de versión de servidor:     9.0.58.0
20-Feb-2022 01:57:21.490 INFORMACIÓN [main] org.apache.catalina.startup.VersionLoggerListener.log OS Name:                           Windows 10
20-Feb-2022 01:57:21.490 INFORMACIÓN [main] org.apache.catalina.startup.VersionLoggerListener.log Versión de Systema Operativo:      10.0
20-Feb-2022 01:57:21.490 INFORMACIÓN [main] org.apache.catalina.startup.VersionLoggerListener.log Arquitectura:                      amd64
20-Feb-2022 01:57:21.490 INFORMACIÓN [main] org.apache.catalina.startup.VersionLoggerListener.log Java Home:                         C:\Program Files\Java\jdk1.8.0_111\jre
20-Feb-2022 01:57:21.491 INFORMACIÓN [main] org.apache.catalina.startup.VersionLoggerListener.log JVM Version:                       1.8.0_111-b14
20-Feb-2022 01:57:21.491 INFORMACIÓN [main] org.apache.catalina.startup.VersionLoggerListener.log Vededor JVM:                       Oracle Corporation
20-Feb-2022 01:57:21.491 INFORMACIÓN [main] org.apache.catalina.startup.VersionLoggerListener.log CATALINA_BASE:                     C:\JJAVA\conexion\apache-tomcat-9.0.58
20-Feb-2022 01:57:21.491 INFORMACIÓN [main] org.apache.catalina.startup.VersionLoggerListener.log CATALINA_HOME:                     C:\JJAVA\conexion\apache-tomcat-9.0.58
20-Feb-2022 01:57:21.495 INFORMACIÓN [main] org.apache.catalina.startup.VersionLoggerListener.log Command line argument:             -Djava.util.logging.config.file=C:\JJAVA\conexion\apache-tomcat-9.0.58\conf\logging.properties
20-Feb-2022 01:57:21.496 INFORMACIÓN [main] org.apache.catalina.startup.VersionLoggerListener.log Command line argument:             -Djava.util.logging.manager=org.apache.juli.ClassLoaderLogManager
20-Feb-2022 01:57:21.496 INFORMACIÓN [main] org.apache.catalina.startup.VersionLoggerListener.log Command line argument:             -Dhttp.nonProxyHosts=localhost|127.0.0.1|DESKTOP-4E2AN6P
20-Feb-2022 01:57:21.496 INFORMACIÓN [main] org.apache.catalina.startup.VersionLoggerListener.log Command line argument:             -Djdk.tls.ephemeralDHKeySize=2048
20-Feb-2022 01:57:21.497 INFORMACIÓN [main] org.apache.catalina.startup.VersionLoggerListener.log Command line argument:             -Djava.protocol.handler.pkgs=org.apache.catalina.webresources
20-Feb-2022 01:57:21.497 INFORMACIÓN [main] org.apache.catalina.startup.VersionLoggerListener.log Command line argument:             -Dignore.endorsed.dirs=
20-Feb-2022 01:57:21.497 INFORMACIÓN [main] org.apache.catalina.startup.VersionLoggerListener.log Command line argument:             -Dcatalina.base=C:\JJAVA\conexion\apache-tomcat-9.0.58
20-Feb-2022 01:57:21.497 INFORMACIÓN [main] org.apache.catalina.startup.VersionLoggerListener.log Command line argument:             -Dcatalina.home=C:\JJAVA\conexion\apache-tomcat-9.0.58
20-Feb-2022 01:57:21.497 INFORMACIÓN [main] org.apache.catalina.startup.VersionLoggerListener.log Command line argument:             -Djava.io.tmpdir=C:\JJAVA\conexion\apache-tomcat-9.0.58\temp
20-Feb-2022 01:57:21.524 INFORMACIÓN [main] org.apache.catalina.core.AprLifecycleListener.lifecycleEvent La biblioteca nativa de Apache Tomcat basada en ARP que permite un rendimiento óptimo en entornos de desarrollo no ha sido hallada en java.library.path: [C:\Program Files\Java\jdk1.8.0_111\bin;C:\WINDOWS\Sun\Java\bin;C:\WINDOWS\system32;C:\WINDOWS;C:\Program Files (x86)\Common Files\Oracle\Java\javapath;C:\ProgramData\Oracle\Java\javapath;C:\Program Files\Common Files\Oracle\Java\javapath;C:\WINDOWS\system32;C:\WINDOWS;C:\WINDOWS\System32\Wbem;C:\WINDOWS\System32\WindowsPowerShell\v1.0\;C:\WINDOWS\System32\OpenSSH\;C:\Program Files\dotnet\;C:\Users\HP-DP\AppData\Local\Microsoft\WindowsApps;;.]
20-Feb-2022 01:57:23.742 INFORMACIÓN [main] org.apache.coyote.AbstractProtocol.init Inicializando el manejador de protocolo ["http-nio-8080"]

20-Feb-2022 01:57:23.897 INFORMACIÓN [main] org.apache.catalina.startup.Catalina.load Server initialization in [3606] milliseconds
20-Feb-2022 01:57:24.053 INFORMACIÓN [main] org.apache.catalina.core.StandardService.startInternal Arrancando servicio [Catalina]
20-Feb-2022 01:57:24.053 INFORMACIÓN [main] org.apache.catalina.core.StandardEngine.startInternal Starting Servlet engine: [Apache Tomcat/9.0.58]
20-Feb-2022 01:57:24.084 INFORMACIÓN [main] org.apache.catalina.startup.HostConfig.deployDescriptor Desplieque del descriptor de configuración [C:\JJAVA\conexion\apache-tomcat-9.0.58\conf\Catalina\localhost\SistemasVentasWeb.xml]
20-Feb-2022 01:57:24.197 ADVERTENCIA [main] org.apache.catalina.startup.HostConfig.deployDescriptor The path attribute with value [/SistemasVentasWeb] in deployment descriptor [C:\JJAVA\conexion\apache-tomcat-9.0.58\conf\Catalina\localhost\SistemasVentasWeb.xml] has been ignored
20-Feb-2022 01:57:26.050 INFORMACIÓN [main] org.apache.jasper.servlet.TldScanner.scanJars Al menos un JAR, que se ha explorado buscando TLDs, aún no contenía TLDs. Activar historial de depuración para este historiador para una completa lista de los JARs que fueron explorados y de los que nos se halló TLDs. Saltarse JARs no necesarios durante la exploración puede dar lugar a una mejora de tiempo significativa en el arranque y compilación de JSP .
20-Feb-2022 01:57:26.585 ADVERTENCIA [main] org.apache.catalina.util.SessionIdGeneratorBase.createSecureRandom Creation of SecureRandom instance for session ID generation using [SHA1PRNG] took [381] milliseconds.
20-Feb-2022 01:57:26.765 INFORMACIÓN [main] org.apache.catalina.startup.HostConfig.deployDescriptor Deployment of deployment descriptor [C:\JJAVA\conexion\apache-tomcat-9.0.58\conf\Catalina\localhost\SistemasVentasWeb.xml] has finished in [2.681] ms
20-Feb-2022 01:57:26.768 INFORMACIÓN [main] org.apache.catalina.startup.HostConfig.deployDirectory Desplegando el directorio [C:\JJAVA\conexion\apache-tomcat-9.0.58\webapps\docs] de la aplicación web
20-Feb-2022 01:57:26.942 INFORMACIÓN [main] org.apache.catalina.startup.HostConfig.deployDirectory Deployment of web application directory [C:\JJAVA\conexion\apache-tomcat-9.0.58\webapps\docs] has finished in [173] ms
20-Feb-2022 01:57:26.943 INFORMACIÓN [main] org.apache.catalina.startup.HostConfig.deployDirectory Desplegando el directorio [C:\JJAVA\conexion\apache-tomcat-9.0.58\webapps\examples] de la aplicación web
20-Feb-2022 01:57:28.767 INFORMACIÓN [main] org.apache.catalina.startup.HostConfig.deployDirectory Deployment of web application directory [C:\JJAVA\conexion\apache-tomcat-9.0.58\webapps\examples] has finished in [1.825] ms
20-Feb-2022 01:57:28.768 INFORMACIÓN [main] org.apache.catalina.startup.HostConfig.deployDirectory Desplegando el directorio [C:\JJAVA\conexion\apache-tomcat-9.0.58\webapps\host-manager] de la aplicación web
20-Feb-2022 01:57:29.064 INFORMACIÓN [main] org.apache.catalina.startup.HostConfig.deployDirectory Deployment of web application directory [C:\JJAVA\conexion\apache-tomcat-9.0.58\webapps\host-manager] has finished in [295] ms
20-Feb-2022 01:57:29.065 INFORMACIÓN [main] org.apache.catalina.startup.HostConfig.deployDirectory Desplegando el directorio [C:\JJAVA\conexion\apache-tomcat-9.0.58\webapps\manager] de la aplicación web
20-Feb-2022 01:57:29.306 INFORMACIÓN [main] org.apache.catalina.startup.HostConfig.deployDirectory Deployment of web application directory [C:\JJAVA\conexion\apache-tomcat-9.0.58\webapps\manager] has finished in [240] ms
20-Feb-2022 01:57:29.307 INFORMACIÓN [main] org.apache.catalina.startup.HostConfig.deployDirectory Desplegando el directorio [C:\JJAVA\conexion\apache-tomcat-9.0.58\webapps\ROOT] de la aplicación web
20-Feb-2022 01:57:29.581 INFORMACIÓN [main] org.apache.catalina.startup.HostConfig.deployDirectory Deployment of web application directory [C:\JJAVA\conexion\apache-tomcat-9.0.58\webapps\ROOT] has finished in [274] ms
20-Feb-2022 01:57:29.594 INFORMACIÓN [main] org.apache.coyote.AbstractProtocol.start Starting ProtocolHandler ["http-nio-8080"]
20-Feb-2022 01:57:29.687 INFORMACIÓN [main] org.apache.catalina.startup.Catalina.start Server startup in [5788] milliseconds
20-Feb-2022 02:40:00.472 INFORMACIÓN [http-nio-8080-exec-1] org.apache.catalina.core.StandardContext.reload Ha comenzado la recarga de Contexto [/SistemasVentasWeb]
20-Feb-2022 02:40:01.230 INFORMACIÓN [http-nio-8080-exec-1] org.apache.jasper.servlet.TldScanner.scanJars Al menos un JAR, que se ha explorado buscando TLDs, aún no contenía TLDs. Activar historial de depuración para este historiador para una completa lista de los JARs que fueron explorados y de los que nos se halló TLDs. Saltarse JARs no necesarios durante la exploración puede dar lugar a una mejora de tiempo significativa en el arranque y compilación de JSP .
20-Feb-2022 02:40:01.266 INFORMACIÓN [http-nio-8080-exec-1] org.apache.catalina.core.StandardContext.reload Se ha completado la recarga de este Contexto
20-Feb-2022 02:57:35.862 INFORMACIÓN [http-nio-8080-exec-19] org.apache.catalina.core.StandardContext.reload Ha comenzado la recarga de Contexto [/SistemasVentasWeb]
20-Feb-2022 02:57:36.298 INFORMACIÓN [http-nio-8080-exec-19] org.apache.jasper.servlet.TldScanner.scanJars Al menos un JAR, que se ha explorado buscando TLDs, aún no contenía TLDs. Activar historial de depuración para este historiador para una completa lista de los JARs que fueron explorados y de los que nos se halló TLDs. Saltarse JARs no necesarios durante la exploración puede dar lugar a una mejora de tiempo significativa en el arranque y compilación de JSP .
20-Feb-2022 02:57:36.317 INFORMACIÓN [http-nio-8080-exec-19] org.apache.catalina.core.StandardContext.reload Se ha completado la recarga de este Contexto
20-Feb-2022 03:11:10.886 INFORMACIÓN [http-nio-8080-exec-21] org.apache.catalina.core.StandardContext.reload Ha comenzado la recarga de Contexto [/SistemasVentasWeb]
20-Feb-2022 03:11:11.345 INFORMACIÓN [http-nio-8080-exec-21] org.apache.jasper.servlet.TldScanner.scanJars Al menos un JAR, que se ha explorado buscando TLDs, aún no contenía TLDs. Activar historial de depuración para este historiador para una completa lista de los JARs que fueron explorados y de los que nos se halló TLDs. Saltarse JARs no necesarios durante la exploración puede dar lugar a una mejora de tiempo significativa en el arranque y compilación de JSP .
20-Feb-2022 03:11:11.369 INFORMACIÓN [http-nio-8080-exec-21] org.apache.catalina.core.StandardContext.reload Se ha completado la recarga de este Contexto
20-Feb-2022 03:15:18.097 INFORMACIÓN [main] org.apache.catalina.core.StandardServer.await Se ha recibido un comando de apagado a través del puerto de apagado. Parando la instancia del Servidor.
20-Feb-2022 03:15:18.097 INFORMACIÓN [main] org.apache.coyote.AbstractProtocol.pause Pausing ProtocolHandler ["http-nio-8080"]
20-Feb-2022 03:15:18.425 INFORMACIÓN [main] org.apache.catalina.core.StandardService.stopInternal Parando servicio [Catalina]
20-Feb-2022 03:15:18.502 INFORMACIÓN [main] org.apache.coyote.AbstractProtocol.stop Stopping ProtocolHandler ["http-nio-8080"]
20-Feb-2022 03:15:18.518 INFORMACIÓN [main] org.apache.coyote.AbstractProtocol.destroy Destroying ProtocolHandler ["http-nio-8080"]
