16-Feb-2022 21:10:06.073 INFORMACIÓN [main] org.apache.catalina.startup.VersionLoggerListener.log Nombre de la versión del servidor: Apache Tomcat/9.0.58
16-Feb-2022 21:10:06.099 INFORMACIÓN [main] org.apache.catalina.startup.VersionLoggerListener.log Server built:                      Jan 15 2022 14:37:38 UTC
16-Feb-2022 21:10:06.100 INFORMACIÓN [main] org.apache.catalina.startup.VersionLoggerListener.log Número de versión de servidor:     9.0.58.0
16-Feb-2022 21:10:06.100 INFORMACIÓN [main] org.apache.catalina.startup.VersionLoggerListener.log OS Name:                           Windows 10
16-Feb-2022 21:10:06.100 INFORMACIÓN [main] org.apache.catalina.startup.VersionLoggerListener.log Versión de Systema Operativo:      10.0
16-Feb-2022 21:10:06.100 INFORMACIÓN [main] org.apache.catalina.startup.VersionLoggerListener.log Arquitectura:                      amd64
16-Feb-2022 21:10:06.101 INFORMACIÓN [main] org.apache.catalina.startup.VersionLoggerListener.log Java Home:                         C:\Program Files\Java\jdk1.8.0_111\jre
16-Feb-2022 21:10:06.101 INFORMACIÓN [main] org.apache.catalina.startup.VersionLoggerListener.log JVM Version:                       1.8.0_111-b14
16-Feb-2022 21:10:06.101 INFORMACIÓN [main] org.apache.catalina.startup.VersionLoggerListener.log Vededor JVM:                       Oracle Corporation
16-Feb-2022 21:10:06.101 INFORMACIÓN [main] org.apache.catalina.startup.VersionLoggerListener.log CATALINA_BASE:                     C:\JJAVA\conexion\apache-tomcat-9.0.58
16-Feb-2022 21:10:06.102 INFORMACIÓN [main] org.apache.catalina.startup.VersionLoggerListener.log CATALINA_HOME:                     C:\JJAVA\conexion\apache-tomcat-9.0.58
16-Feb-2022 21:10:06.114 INFORMACIÓN [main] org.apache.catalina.startup.VersionLoggerListener.log Command line argument:             -Djava.util.logging.config.file=C:\JJAVA\conexion\apache-tomcat-9.0.58\conf\logging.properties
16-Feb-2022 21:10:06.114 INFORMACIÓN [main] org.apache.catalina.startup.VersionLoggerListener.log Command line argument:             -Djava.util.logging.manager=org.apache.juli.ClassLoaderLogManager
16-Feb-2022 21:10:06.115 INFORMACIÓN [main] org.apache.catalina.startup.VersionLoggerListener.log Command line argument:             -Dhttp.nonProxyHosts=localhost|127.0.0.1|DESKTOP-4E2AN6P
16-Feb-2022 21:10:06.115 INFORMACIÓN [main] org.apache.catalina.startup.VersionLoggerListener.log Command line argument:             -Djdk.tls.ephemeralDHKeySize=2048
16-Feb-2022 21:10:06.115 INFORMACIÓN [main] org.apache.catalina.startup.VersionLoggerListener.log Command line argument:             -Djava.protocol.handler.pkgs=org.apache.catalina.webresources
16-Feb-2022 21:10:06.116 INFORMACIÓN [main] org.apache.catalina.startup.VersionLoggerListener.log Command line argument:             -Dignore.endorsed.dirs=
16-Feb-2022 21:10:06.116 INFORMACIÓN [main] org.apache.catalina.startup.VersionLoggerListener.log Command line argument:             -Dcatalina.base=C:\JJAVA\conexion\apache-tomcat-9.0.58
16-Feb-2022 21:10:06.116 INFORMACIÓN [main] org.apache.catalina.startup.VersionLoggerListener.log Command line argument:             -Dcatalina.home=C:\JJAVA\conexion\apache-tomcat-9.0.58
16-Feb-2022 21:10:06.117 INFORMACIÓN [main] org.apache.catalina.startup.VersionLoggerListener.log Command line argument:             -Djava.io.tmpdir=C:\JJAVA\conexion\apache-tomcat-9.0.58\temp
16-Feb-2022 21:10:06.148 INFORMACIÓN [main] org.apache.catalina.core.AprLifecycleListener.lifecycleEvent La biblioteca nativa de Apache Tomcat basada en ARP que permite un rendimiento óptimo en entornos de desarrollo no ha sido hallada en java.library.path: [C:\Program Files\Java\jdk1.8.0_111\bin;C:\WINDOWS\Sun\Java\bin;C:\WINDOWS\system32;C:\WINDOWS;C:\Program Files (x86)\Common Files\Oracle\Java\javapath;C:\ProgramData\Oracle\Java\javapath;C:\Program Files\Common Files\Oracle\Java\javapath;C:\WINDOWS\system32;C:\WINDOWS;C:\WINDOWS\System32\Wbem;C:\WINDOWS\System32\WindowsPowerShell\v1.0\;C:\WINDOWS\System32\OpenSSH\;C:\Program Files\dotnet\;C:\Users\HP-DP\AppData\Local\Microsoft\WindowsApps;;.]
16-Feb-2022 21:10:08.351 INFORMACIÓN [main] org.apache.coyote.AbstractProtocol.init Inicializando el manejador de protocolo ["http-nio-8080"]

16-Feb-2022 21:10:08.604 INFORMACIÓN [main] org.apache.catalina.startup.Catalina.load Server initialization in [3535] milliseconds
16-Feb-2022 21:10:08.857 INFORMACIÓN [main] org.apache.catalina.core.StandardService.startInternal Arrancando servicio [Catalina]
16-Feb-2022 21:10:08.858 INFORMACIÓN [main] org.apache.catalina.core.StandardEngine.startInternal Starting Servlet engine: [Apache Tomcat/9.0.58]
16-Feb-2022 21:10:08.914 INFORMACIÓN [main] org.apache.catalina.startup.HostConfig.deployDirectory Desplegando el directorio [C:\JJAVA\conexion\apache-tomcat-9.0.58\webapps\docs] de la aplicación web
16-Feb-2022 21:10:11.793 ADVERTENCIA [main] org.apache.catalina.util.SessionIdGeneratorBase.createSecureRandom Creation of SecureRandom instance for session ID generation using [SHA1PRNG] took [708] milliseconds.
16-Feb-2022 21:10:12.175 INFORMACIÓN [main] org.apache.catalina.startup.HostConfig.deployDirectory Deployment of web application directory [C:\JJAVA\conexion\apache-tomcat-9.0.58\webapps\docs] has finished in [3.262] ms
16-Feb-2022 21:10:12.177 INFORMACIÓN [main] org.apache.catalina.startup.HostConfig.deployDirectory Desplegando el directorio [C:\JJAVA\conexion\apache-tomcat-9.0.58\webapps\examples] de la aplicación web
16-Feb-2022 21:10:16.757 INFORMACIÓN [main] org.apache.catalina.startup.HostConfig.deployDirectory Deployment of web application directory [C:\JJAVA\conexion\apache-tomcat-9.0.58\webapps\examples] has finished in [4.580] ms
16-Feb-2022 21:10:16.759 INFORMACIÓN [main] org.apache.catalina.startup.HostConfig.deployDirectory Desplegando el directorio [C:\JJAVA\conexion\apache-tomcat-9.0.58\webapps\host-manager] de la aplicación web
16-Feb-2022 21:10:17.204 INFORMACIÓN [main] org.apache.catalina.startup.HostConfig.deployDirectory Deployment of web application directory [C:\JJAVA\conexion\apache-tomcat-9.0.58\webapps\host-manager] has finished in [445] ms
16-Feb-2022 21:10:17.206 INFORMACIÓN [main] org.apache.catalina.startup.HostConfig.deployDirectory Desplegando el directorio [C:\JJAVA\conexion\apache-tomcat-9.0.58\webapps\manager] de la aplicación web
16-Feb-2022 21:10:17.508 INFORMACIÓN [main] org.apache.catalina.startup.HostConfig.deployDirectory Deployment of web application directory [C:\JJAVA\conexion\apache-tomcat-9.0.58\webapps\manager] has finished in [301] ms
16-Feb-2022 21:10:17.509 INFORMACIÓN [main] org.apache.catalina.startup.HostConfig.deployDirectory Desplegando el directorio [C:\JJAVA\conexion\apache-tomcat-9.0.58\webapps\ROOT] de la aplicación web
16-Feb-2022 21:10:17.772 INFORMACIÓN [main] org.apache.catalina.startup.HostConfig.deployDirectory Deployment of web application directory [C:\JJAVA\conexion\apache-tomcat-9.0.58\webapps\ROOT] has finished in [263] ms
16-Feb-2022 21:10:17.793 INFORMACIÓN [main] org.apache.coyote.AbstractProtocol.start Starting ProtocolHandler ["http-nio-8080"]
16-Feb-2022 21:10:17.993 INFORMACIÓN [main] org.apache.catalina.startup.Catalina.start Server startup in [9389] milliseconds
16-Feb-2022 21:11:59.453 INFORMACIÓN [main] org.apache.catalina.core.StandardServer.await Se ha recibido un comando de apagado a través del puerto de apagado. Parando la instancia del Servidor.
16-Feb-2022 21:11:59.455 INFORMACIÓN [main] org.apache.coyote.AbstractProtocol.pause Pausing ProtocolHandler ["http-nio-8080"]
16-Feb-2022 21:11:59.948 INFORMACIÓN [main] org.apache.catalina.core.StandardService.stopInternal Parando servicio [Catalina]
16-Feb-2022 21:12:00.091 INFORMACIÓN [main] org.apache.coyote.AbstractProtocol.stop Stopping ProtocolHandler ["http-nio-8080"]
16-Feb-2022 21:12:00.143 INFORMACIÓN [main] org.apache.coyote.AbstractProtocol.destroy Destroying ProtocolHandler ["http-nio-8080"]
