21-Feb-2022 22:58:13.906 INFORMACIÓN [main] org.apache.catalina.startup.VersionLoggerListener.log Nombre de la versión del servidor: Apache Tomcat/9.0.58
21-Feb-2022 22:58:13.915 INFORMACIÓN [main] org.apache.catalina.startup.VersionLoggerListener.log Server built:                      Jan 15 2022 14:37:38 UTC
21-Feb-2022 22:58:13.915 INFORMACIÓN [main] org.apache.catalina.startup.VersionLoggerListener.log Número de versión de servidor:     9.0.58.0
21-Feb-2022 22:58:13.915 INFORMACIÓN [main] org.apache.catalina.startup.VersionLoggerListener.log OS Name:                           Windows 10
21-Feb-2022 22:58:13.916 INFORMACIÓN [main] org.apache.catalina.startup.VersionLoggerListener.log Versión de Systema Operativo:      10.0
21-Feb-2022 22:58:13.916 INFORMACIÓN [main] org.apache.catalina.startup.VersionLoggerListener.log Arquitectura:                      amd64
21-Feb-2022 22:58:13.916 INFORMACIÓN [main] org.apache.catalina.startup.VersionLoggerListener.log Java Home:                         C:\Program Files\Java\jdk1.8.0_111\jre
21-Feb-2022 22:58:13.916 INFORMACIÓN [main] org.apache.catalina.startup.VersionLoggerListener.log JVM Version:                       1.8.0_111-b14
21-Feb-2022 22:58:13.917 INFORMACIÓN [main] org.apache.catalina.startup.VersionLoggerListener.log Vededor JVM:                       Oracle Corporation
21-Feb-2022 22:58:13.917 INFORMACIÓN [main] org.apache.catalina.startup.VersionLoggerListener.log CATALINA_BASE:                     C:\JJAVA\conexion\apache-tomcat-9.0.58
21-Feb-2022 22:58:13.917 INFORMACIÓN [main] org.apache.catalina.startup.VersionLoggerListener.log CATALINA_HOME:                     C:\JJAVA\conexion\apache-tomcat-9.0.58
21-Feb-2022 22:58:13.922 INFORMACIÓN [main] org.apache.catalina.startup.VersionLoggerListener.log Command line argument:             -Djava.util.logging.config.file=C:\JJAVA\conexion\apache-tomcat-9.0.58\conf\logging.properties
21-Feb-2022 22:58:13.922 INFORMACIÓN [main] org.apache.catalina.startup.VersionLoggerListener.log Command line argument:             -Djava.util.logging.manager=org.apache.juli.ClassLoaderLogManager
21-Feb-2022 22:58:13.923 INFORMACIÓN [main] org.apache.catalina.startup.VersionLoggerListener.log Command line argument:             -Dhttp.nonProxyHosts=localhost|127.0.0.1|DESKTOP-4E2AN6P
21-Feb-2022 22:58:13.923 INFORMACIÓN [main] org.apache.catalina.startup.VersionLoggerListener.log Command line argument:             -Djdk.tls.ephemeralDHKeySize=2048
21-Feb-2022 22:58:13.923 INFORMACIÓN [main] org.apache.catalina.startup.VersionLoggerListener.log Command line argument:             -Djava.protocol.handler.pkgs=org.apache.catalina.webresources
21-Feb-2022 22:58:13.923 INFORMACIÓN [main] org.apache.catalina.startup.VersionLoggerListener.log Command line argument:             -Dignore.endorsed.dirs=
21-Feb-2022 22:58:13.924 INFORMACIÓN [main] org.apache.catalina.startup.VersionLoggerListener.log Command line argument:             -Dcatalina.base=C:\JJAVA\conexion\apache-tomcat-9.0.58
21-Feb-2022 22:58:13.924 INFORMACIÓN [main] org.apache.catalina.startup.VersionLoggerListener.log Command line argument:             -Dcatalina.home=C:\JJAVA\conexion\apache-tomcat-9.0.58
21-Feb-2022 22:58:13.925 INFORMACIÓN [main] org.apache.catalina.startup.VersionLoggerListener.log Command line argument:             -Djava.io.tmpdir=C:\JJAVA\conexion\apache-tomcat-9.0.58\temp
21-Feb-2022 22:58:13.942 INFORMACIÓN [main] org.apache.catalina.core.AprLifecycleListener.lifecycleEvent La biblioteca nativa de Apache Tomcat basada en ARP que permite un rendimiento óptimo en entornos de desarrollo no ha sido hallada en java.library.path: [C:\Program Files\Java\jdk1.8.0_111\bin;C:\WINDOWS\Sun\Java\bin;C:\WINDOWS\system32;C:\WINDOWS;C:\Program Files (x86)\Common Files\Oracle\Java\javapath;C:\ProgramData\Oracle\Java\javapath;C:\Program Files\Common Files\Oracle\Java\javapath;C:\WINDOWS\system32;C:\WINDOWS;C:\WINDOWS\System32\Wbem;C:\WINDOWS\System32\WindowsPowerShell\v1.0\;C:\WINDOWS\System32\OpenSSH\;C:\Program Files\dotnet\;C:\Users\HP-DP\AppData\Local\Microsoft\WindowsApps;;.]
21-Feb-2022 22:58:15.216 INFORMACIÓN [main] org.apache.coyote.AbstractProtocol.init Inicializando el manejador de protocolo ["http-nio-8080"]

21-Feb-2022 22:58:15.301 INFORMACIÓN [main] org.apache.catalina.startup.Catalina.load Server initialization in [1945] milliseconds
21-Feb-2022 22:58:15.573 INFORMACIÓN [main] org.apache.catalina.core.StandardService.startInternal Arrancando servicio [Catalina]
21-Feb-2022 22:58:15.574 INFORMACIÓN [main] org.apache.catalina.core.StandardEngine.startInternal Starting Servlet engine: [Apache Tomcat/9.0.58]
21-Feb-2022 22:58:15.665 INFORMACIÓN [main] org.apache.catalina.startup.HostConfig.deployDescriptor Desplieque del descriptor de configuración [C:\JJAVA\conexion\apache-tomcat-9.0.58\conf\Catalina\localhost\SistemasVentasWeb.xml]
21-Feb-2022 22:58:15.829 ADVERTENCIA [main] org.apache.catalina.startup.HostConfig.deployDescriptor The path attribute with value [/SistemasVentasWeb] in deployment descriptor [C:\JJAVA\conexion\apache-tomcat-9.0.58\conf\Catalina\localhost\SistemasVentasWeb.xml] has been ignored
21-Feb-2022 22:58:17.682 INFORMACIÓN [main] org.apache.jasper.servlet.TldScanner.scanJars Al menos un JAR, que se ha explorado buscando TLDs, aún no contenía TLDs. Activar historial de depuración para este historiador para una completa lista de los JARs que fueron explorados y de los que nos se halló TLDs. Saltarse JARs no necesarios durante la exploración puede dar lugar a una mejora de tiempo significativa en el arranque y compilación de JSP .
21-Feb-2022 22:58:18.222 ADVERTENCIA [main] org.apache.catalina.util.SessionIdGeneratorBase.createSecureRandom Creation of SecureRandom instance for session ID generation using [SHA1PRNG] took [367] milliseconds.
21-Feb-2022 22:58:18.449 INFORMACIÓN [main] org.apache.catalina.startup.HostConfig.deployDescriptor Deployment of deployment descriptor [C:\JJAVA\conexion\apache-tomcat-9.0.58\conf\Catalina\localhost\SistemasVentasWeb.xml] has finished in [2.784] ms
21-Feb-2022 22:58:18.453 INFORMACIÓN [main] org.apache.catalina.startup.HostConfig.deployDirectory Desplegando el directorio [C:\JJAVA\conexion\apache-tomcat-9.0.58\webapps\docs] de la aplicación web
21-Feb-2022 22:58:18.672 INFORMACIÓN [main] org.apache.catalina.startup.HostConfig.deployDirectory Deployment of web application directory [C:\JJAVA\conexion\apache-tomcat-9.0.58\webapps\docs] has finished in [219] ms
21-Feb-2022 22:58:18.674 INFORMACIÓN [main] org.apache.catalina.startup.HostConfig.deployDirectory Desplegando el directorio [C:\JJAVA\conexion\apache-tomcat-9.0.58\webapps\examples] de la aplicación web
21-Feb-2022 22:58:21.306 INFORMACIÓN [main] org.apache.catalina.startup.HostConfig.deployDirectory Deployment of web application directory [C:\JJAVA\conexion\apache-tomcat-9.0.58\webapps\examples] has finished in [2.632] ms
21-Feb-2022 22:58:21.308 INFORMACIÓN [main] org.apache.catalina.startup.HostConfig.deployDirectory Desplegando el directorio [C:\JJAVA\conexion\apache-tomcat-9.0.58\webapps\host-manager] de la aplicación web
21-Feb-2022 22:58:21.544 INFORMACIÓN [main] org.apache.catalina.startup.HostConfig.deployDirectory Deployment of web application directory [C:\JJAVA\conexion\apache-tomcat-9.0.58\webapps\host-manager] has finished in [237] ms
21-Feb-2022 22:58:21.545 INFORMACIÓN [main] org.apache.catalina.startup.HostConfig.deployDirectory Desplegando el directorio [C:\JJAVA\conexion\apache-tomcat-9.0.58\webapps\manager] de la aplicación web
21-Feb-2022 22:58:21.775 INFORMACIÓN [main] org.apache.catalina.startup.HostConfig.deployDirectory Deployment of web application directory [C:\JJAVA\conexion\apache-tomcat-9.0.58\webapps\manager] has finished in [230] ms
21-Feb-2022 22:58:21.777 INFORMACIÓN [main] org.apache.catalina.startup.HostConfig.deployDirectory Desplegando el directorio [C:\JJAVA\conexion\apache-tomcat-9.0.58\webapps\ROOT] de la aplicación web
21-Feb-2022 22:58:21.957 INFORMACIÓN [main] org.apache.catalina.startup.HostConfig.deployDirectory Deployment of web application directory [C:\JJAVA\conexion\apache-tomcat-9.0.58\webapps\ROOT] has finished in [180] ms
21-Feb-2022 22:58:21.997 INFORMACIÓN [main] org.apache.coyote.AbstractProtocol.start Starting ProtocolHandler ["http-nio-8080"]
21-Feb-2022 22:58:22.157 INFORMACIÓN [main] org.apache.catalina.startup.Catalina.start Server startup in [6856] milliseconds
21-Feb-2022 22:58:54.119 INFORMACIÓN [http-nio-8080-exec-3] org.apache.catalina.core.StandardContext.reload Ha comenzado la recarga de Contexto [/SistemasVentasWeb]
21-Feb-2022 22:58:54.680 INFORMACIÓN [http-nio-8080-exec-3] org.apache.jasper.servlet.TldScanner.scanJars Al menos un JAR, que se ha explorado buscando TLDs, aún no contenía TLDs. Activar historial de depuración para este historiador para una completa lista de los JARs que fueron explorados y de los que nos se halló TLDs. Saltarse JARs no necesarios durante la exploración puede dar lugar a una mejora de tiempo significativa en el arranque y compilación de JSP .
21-Feb-2022 22:58:54.693 INFORMACIÓN [http-nio-8080-exec-3] org.apache.catalina.core.StandardContext.reload Se ha completado la recarga de este Contexto
21-Feb-2022 23:15:28.367 INFORMACIÓN [http-nio-8080-exec-17] org.apache.catalina.core.StandardContext.reload Ha comenzado la recarga de Contexto [/SistemasVentasWeb]
21-Feb-2022 23:15:28.990 INFORMACIÓN [http-nio-8080-exec-17] org.apache.jasper.servlet.TldScanner.scanJars Al menos un JAR, que se ha explorado buscando TLDs, aún no contenía TLDs. Activar historial de depuración para este historiador para una completa lista de los JARs que fueron explorados y de los que nos se halló TLDs. Saltarse JARs no necesarios durante la exploración puede dar lugar a una mejora de tiempo significativa en el arranque y compilación de JSP .
21-Feb-2022 23:15:29.018 INFORMACIÓN [http-nio-8080-exec-17] org.apache.catalina.core.StandardContext.reload Se ha completado la recarga de este Contexto
21-Feb-2022 23:25:58.437 INFORMACIÓN [http-nio-8080-exec-24] org.apache.catalina.core.StandardContext.reload Ha comenzado la recarga de Contexto [/SistemasVentasWeb]
21-Feb-2022 23:25:59.283 INFORMACIÓN [http-nio-8080-exec-24] org.apache.jasper.servlet.TldScanner.scanJars Al menos un JAR, que se ha explorado buscando TLDs, aún no contenía TLDs. Activar historial de depuración para este historiador para una completa lista de los JARs que fueron explorados y de los que nos se halló TLDs. Saltarse JARs no necesarios durante la exploración puede dar lugar a una mejora de tiempo significativa en el arranque y compilación de JSP .
21-Feb-2022 23:25:59.318 INFORMACIÓN [http-nio-8080-exec-24] org.apache.catalina.core.StandardContext.reload Se ha completado la recarga de este Contexto
