19-Feb-2022 09:12:22.973 INFORMACIÓN [http-nio-8080-exec-6] org.apache.catalina.core.ApplicationContext.log Manager: init: Associated with Deployer 'Catalina:type=Deployer,host=localhost'
19-Feb-2022 09:12:22.974 INFORMACIÓN [http-nio-8080-exec-6] org.apache.catalina.core.ApplicationContext.log Manager: init: Global resources are available
19-Feb-2022 09:12:25.364 INFORMACIÓN [http-nio-8080-exec-9] org.apache.catalina.core.ApplicationContext.log Manager: list: Listing contexts for virtual host 'localhost'
19-Feb-2022 09:12:25.375 INFORMACIÓN [http-nio-8080-exec-10] org.apache.catalina.core.ApplicationContext.log Manager: list: Listing contexts for virtual host 'localhost'
19-Feb-2022 09:12:25.423 INFORMACIÓN [http-nio-8080-exec-4] org.apache.catalina.core.ApplicationContext.log Manager: install: Installing context configuration at 'file:/C:/Users/HP-DP/AppData/Local/Temp/context2649977626547222600.xml'
19-Feb-2022 09:12:26.191 INFORMACIÓN [http-nio-8080-exec-1] org.apache.catalina.core.ApplicationContext.log Manager: start: Starting web application '/SistemasVentasWeb'
19-Feb-2022 09:13:09.465 INFORMACIÓN [http-nio-8080-exec-10] org.apache.catalina.core.ApplicationContext.log Manager: list: Listing contexts for virtual host 'localhost'
19-Feb-2022 23:01:37.104 INFORMACIÓN [http-nio-8080-exec-7] org.apache.catalina.core.ApplicationContext.log Manager: list: Listing contexts for virtual host 'localhost'
19-Feb-2022 23:05:32.735 INFORMACIÓN [http-nio-8080-exec-8] org.apache.catalina.core.ApplicationContext.log Manager: list: Listing contexts for virtual host 'localhost'
19-Feb-2022 23:10:07.990 INFORMACIÓN [http-nio-8080-exec-3] org.apache.catalina.core.ApplicationContext.log Manager: list: Listing contexts for virtual host 'localhost'
19-Feb-2022 23:10:08.035 INFORMACIÓN [http-nio-8080-exec-5] org.apache.catalina.core.ApplicationContext.log Manager: restart: Reloading web application '/SistemasVentasWeb'
19-Feb-2022 23:10:09.589 INFORMACIÓN [http-nio-8080-exec-7] org.apache.catalina.core.ApplicationContext.log Manager: list: Listing contexts for virtual host 'localhost'
19-Feb-2022 23:10:09.615 INFORMACIÓN [http-nio-8080-exec-6] org.apache.catalina.core.ApplicationContext.log Manager: restart: Reloading web application '/SistemasVentasWeb'
19-Feb-2022 23:12:41.596 INFORMACIÓN [http-nio-8080-exec-7] org.apache.catalina.core.ApplicationContext.log Manager: list: Listing contexts for virtual host 'localhost'
19-Feb-2022 23:12:41.619 INFORMACIÓN [http-nio-8080-exec-8] org.apache.catalina.core.ApplicationContext.log Manager: restart: Reloading web application '/SistemasVentasWeb'
19-Feb-2022 23:12:44.709 INFORMACIÓN [http-nio-8080-exec-16] org.apache.catalina.core.ApplicationContext.log Manager: list: Listing contexts for virtual host 'localhost'
19-Feb-2022 23:12:44.728 INFORMACIÓN [http-nio-8080-exec-9] org.apache.catalina.core.ApplicationContext.log Manager: restart: Reloading web application '/SistemasVentasWeb'
19-Feb-2022 23:13:44.539 INFORMACIÓN [http-nio-8080-exec-8] org.apache.catalina.core.ApplicationContext.log Manager: list: Listing contexts for virtual host 'localhost'
19-Feb-2022 23:13:44.566 INFORMACIÓN [http-nio-8080-exec-11] org.apache.catalina.core.ApplicationContext.log Manager: restart: Reloading web application '/SistemasVentasWeb'
19-Feb-2022 23:13:46.274 INFORMACIÓN [http-nio-8080-exec-12] org.apache.catalina.core.ApplicationContext.log Manager: list: Listing contexts for virtual host 'localhost'
19-Feb-2022 23:13:46.299 INFORMACIÓN [http-nio-8080-exec-10] org.apache.catalina.core.ApplicationContext.log Manager: restart: Reloading web application '/SistemasVentasWeb'
19-Feb-2022 23:14:48.832 INFORMACIÓN [http-nio-8080-exec-13] org.apache.catalina.core.ApplicationContext.log Manager: list: Listing contexts for virtual host 'localhost'
19-Feb-2022 23:14:48.922 INFORMACIÓN [http-nio-8080-exec-7] org.apache.catalina.core.ApplicationContext.log Manager: restart: Reloading web application '/SistemasVentasWeb'
19-Feb-2022 23:14:50.311 INFORMACIÓN [http-nio-8080-exec-12] org.apache.catalina.core.ApplicationContext.log Manager: list: Listing contexts for virtual host 'localhost'
19-Feb-2022 23:14:50.338 INFORMACIÓN [http-nio-8080-exec-10] org.apache.catalina.core.ApplicationContext.log Manager: restart: Reloading web application '/SistemasVentasWeb'
19-Feb-2022 23:14:59.670 INFORMACIÓN [http-nio-8080-exec-22] org.apache.catalina.core.ApplicationContext.log Manager: list: Listing contexts for virtual host 'localhost'
19-Feb-2022 23:14:59.699 INFORMACIÓN [http-nio-8080-exec-21] org.apache.catalina.core.ApplicationContext.log Manager: restart: Reloading web application '/SistemasVentasWeb'
19-Feb-2022 23:15:06.615 INFORMACIÓN [http-nio-8080-exec-7] org.apache.catalina.core.ApplicationContext.log Manager: list: Listing contexts for virtual host 'localhost'
19-Feb-2022 23:15:08.560 INFORMACIÓN [http-nio-8080-exec-13] org.apache.catalina.core.ApplicationContext.log Manager: list: Listing contexts for virtual host 'localhost'
19-Feb-2022 23:15:08.603 INFORMACIÓN [http-nio-8080-exec-19] org.apache.catalina.core.ApplicationContext.log Manager: restart: Reloading web application '/SistemasVentasWeb'
19-Feb-2022 23:22:18.095 INFORMACIÓN [http-nio-8080-exec-25] org.apache.catalina.core.ApplicationContext.log Manager: list: Listing contexts for virtual host 'localhost'
19-Feb-2022 23:22:18.122 INFORMACIÓN [http-nio-8080-exec-26] org.apache.catalina.core.ApplicationContext.log Manager: restart: Reloading web application '/SistemasVentasWeb'
19-Feb-2022 23:25:25.042 INFORMACIÓN [http-nio-8080-exec-34] org.apache.catalina.core.ApplicationContext.log Manager: list: Listing contexts for virtual host 'localhost'
19-Feb-2022 23:25:25.069 INFORMACIÓN [http-nio-8080-exec-35] org.apache.catalina.core.ApplicationContext.log Manager: restart: Reloading web application '/SistemasVentasWeb'
19-Feb-2022 23:32:00.733 INFORMACIÓN [http-nio-8080-exec-38] org.apache.catalina.core.ApplicationContext.log Manager: list: Listing contexts for virtual host 'localhost'
19-Feb-2022 23:32:00.755 INFORMACIÓN [http-nio-8080-exec-40] org.apache.catalina.core.ApplicationContext.log Manager: restart: Reloading web application '/SistemasVentasWeb'
19-Feb-2022 23:33:19.863 INFORMACIÓN [http-nio-8080-exec-44] org.apache.catalina.core.ApplicationContext.log Manager: list: Listing contexts for virtual host 'localhost'
19-Feb-2022 23:33:19.880 INFORMACIÓN [http-nio-8080-exec-39] org.apache.catalina.core.ApplicationContext.log Manager: restart: Reloading web application '/SistemasVentasWeb'
